Please enter the search target: Found 73 time(s)
1. Gen 5:29 and he called his name Noah, saying, This same shall comfort us in our work and in the toil of our hands, [which cometh] because of the ground which Jehovah hath cursed.
2. Gen 5:30 And Lamech lived after he begat Noah five hundred ninety and five years, and begat sons and daughters:
3. Gen 5:32 And Noah was five hundred years old: And Noah begat Shem, Ham, and Japheth.
4. Gen 6:8 But Noah found favor in the eyes of Jehovah.
5. Gen 6:9 These are the generations of Noah. Noah was a righteous man, [and] perfect in his generations: Noah walked with God.
6. Gen 6:10 And Noah begat three sons, Shem, Ham, and Japheth.
7. Gen 6:13 And God said unto Noah, The end of all flesh is come before me; for the earth is filled with violence through them; and, behold, I will destroy them with the earth.
8. Gen 6:22 Thus did Noah; according to all that God commanded him, so did he.
9. Gen 7:1 And Jehovah said unto Noah, Come thou and all thy house into the ark; for thee have I seen righteous before me in this generation.
10. Gen 7:5 And Noah did according unto all that Jehovah commanded him.
11. Gen 7:6 And Noah was six hundred years old when the flood of waters was upon the earth.
12. Gen 7:7 And Noah went in, and his sons, and his wife, and his sons' wives with him, into the ark, because of the waters of the flood.
13. Gen 7:9 there went in two and two unto Noah into the ark, male and female, as God commanded Noah.
14. Gen 7:11 In the six hundredth year of Noah's life, in the second month, on the seventeenth day of the month, on the same day were all the fountains of the great deep broken up, and the windows of heaven were opened.
15. Gen 7:13 In the selfsame day entered Noah, and Shem, and Ham, and Japheth, the sons of Noah, and Noah's wife, and the three wives of his sons with them, into the ark;
16. Gen 7:15 And they went in unto Noah into the ark, two and two of all flesh wherein is the breath of life.
17. Gen 7:23 And every living thing was destroyed that was upon the face of the ground, both man, and cattle, and creeping things, and birds of the heavens; and they were destroyed from the earth: and Noah only was left, and they that were with him in the ark.
18. Gen 8:1 And God remembered Noah, and all the beasts, and all the cattle that were with him in the ark: and God made a wind to pass over the earth, and the waters assuaged;
19. Gen 8:6 And it came to pass at the end of forty days, that Noah opened the window of the ark which he had made:
20. Gen 8:11 and the dove came in to him at eventide; and, lo, in her mouth an olive-leaf plucked off: so Noah knew that the waters were abated from off the earth.
21. Gen 8:13 And it came to pass in the six hundred and first year, in the first month, the first day of the month, the waters were dried up from off the earth: and Noah removed the covering of the ark, and looked, and, behold, the face of the ground was dried.
22. Gen 8:15 And God spake unto Noah, saying,
23. Gen 8:18 And Noah went forth, and his sons, and his wife, and his sons' wives with him:
24. Gen 8:20 And Noah builded an altar unto Jehovah, and took of every clean beast, and of every clean bird, and offered burnt-offerings on the altar.
25. Gen 9:1 And God blessed Noah and his sons, and said unto them, Be fruitful, and multiply, and replenish the earth.
26. Gen 9:8 And God spake unto Noah, and to his sons with him, saying,
27. Gen 9:17 And God said unto Noah, This is the token of the covenant which I have established between me and all flesh that is upon the earth.
28. Gen 9:18 And the sons of Noah, that went forth from the ark, were Shem, and Ham, and Japheth: and Ham is the father of Canaan.
29. Gen 9:19 These three were the sons of Noah: and of these was the whole earth overspread.
30. Gen 9:20 And Noah began to be a husbandman, and planted a vineyard:
31. Gen 9:24 And Noah awoke from his wine, and knew what his youngest son had done unto him.
32. Gen 9:28 And Noah lived after the flood three hundred and fifty years.
33. Gen 9:29 And all the days of Noah were nine hundred and fifty years: And he died.
34. Gen 10:1 Now these are the generations of the sons of Noah, [namely], of Shem, Ham, and Japheth: and unto them were sons born after the flood.
35. Gen 10:32 These are the families of the sons of Noah, after their generations, in their nations: and of these were the nations divided in the earth after the flood.
36. Num 26:33 And Zelophehad the son of Hepher had no sons, but daughters: and the names of the daughters of Zelophehad were Mahlah, and Noah, Hoglah, Milcah, and Tirzah.
37. Num 27:1 Then drew near the daughters of Zelophehad, the son of Hepher, the son of Gilead, the son of Machir, the son of Manasseh, of the families of Manasseh the son of Joseph; and these are the names of his daughters: Mahlah, Noah, and Hoglah, and Milcah, and Tirzah.
38. Num 36:11 for Mahlah, Tirzah, and Hoglah, and Milcah, and Noah, the daughters of Zelophehad, were married unto their father's brothers' sons.
39. Josh 15:34 and Zanoah, and En-gannim, Tappuah, and Enam,
40. Josh 15:56 and Jezreel, and Jokdeam, and Zanoah,
41. Josh 16:6 and the border went out westward at Michmethath on the north; and the border turned about eastward unto Taanath-shiloh, and passed along it on the east of Janoah;
42. Josh 16:7 and it went down from Janoah to Ataroth, and to Naarah, and reached unto Jericho, and went out at the Jordan.
43. Josh 17:3 But Zelophehad, the son of Hepher, the son of Gilead, the son of Machir, the son of Manasseh, had no sons, but daughters: and these are the names of his daughters: Mahlah, and Noah, Hoglah, Milcah, and Tirzah.
44. Judg 13:2 And there was a certain man of Zorah, of the family of the Danites, whose name was Manoah; and his wife was barren, and bare not.
45. Judg 13:8 Then Manoah entreated Jehovah, and said, Oh, Lord, I pray thee, let the man of God whom thou didst send come again unto us, and teach us what we shall do unto the child that shall be born.
46. Judg 13:9 And God hearkened to the voice of Manoah; and the angel of God came again unto the woman as she sat in the field: but Manoah her husband was not with her.
47. Judg 13:11 And Manoah arose, and went after his wife, and came to the man, and said unto him, Art thou the man that spakest unto the woman? And he said, I am.
48. Judg 13:12 And Manoah said, Now let thy words come to pass: what shall be the ordering of the child, and [how] shall we do unto him?
49. Judg 13:13 And the angel of Jehovah said unto Manoah, Of all that I said unto the woman let her beware.
50. Judg 13:15 And Manoah said unto the angel of Jehovah, I pray thee, let us detain thee, that we may make ready a kid for thee.
51. Judg 13:16 And the angel of Jehovah said unto Manoah, Though thou detain me, I will not eat of thy bread; and if thou wilt make ready a burnt-offering, thou must offer it unto Jehovah. For Manoah knew not that he was the angel of Jehovah.
52. Judg 13:17 And Manoah said unto the angel of Jehovah, What is thy name, that, when thy words come to pass, we may do thee honor?
53. Judg 13:19 So Manoah took the kid with the meal-offering, and offered it upon the rock unto Jehovah: and [the angel] did wondrously, and Manoah and his wife looked on.
54. Judg 13:20 For it came to pass, when the flame went up toward heaven from off the altar, that the angel of Jehovah ascended in the flame of the altar: and Manoah and his wife looked on; and they fell on their faces to the ground.
55. Judg 13:21 But the angel of Jehovah did no more appear to Manoah or to his wife. Then Manoah knew that he was the angel of Jehovah.
56. Judg 13:22 And Manoah said unto his wife, We shall surely die, because we have seen God.
57. Judg 16:31 Then his brethren and all the house of his father came down, and took him, and brought him up, and buried him between Zorah and Eshtaol in the burying-place of Manoah his father. And he judged Israel twenty years.
58. 1Kgs 15:29 In the days of Pekah king of Israel came Tiglath-pileser king of Assyria, and took Ijon, and Abel-beth-maacah, and Janoah, and Kedesh, and Hazor, and Gilead, and Galilee, all the land of Naphtali; and he carried them captive to Assyria.
59. 1Chr 1:4 Noah, Shem, Ham, and Japheth.
60. 1Chr 4:18 And his wife the Jewess bare Jered the father of Gedor, and Heber the father of Soco, and Jekuthiel the father of Zanoah. And these are the sons of Bithiah the daughter of Pharaoh, whom Mered took.
61. Neh 3:13 The valley gate repaired Hanun, and the inhabitants of Zanoah; they built it, and set up the doors thereof, the bolts thereof, and the bars thereof, and a thousand cubits of the wall unto the dung gate.
62. Neh 11:30 Zanoah, Adullam, and their villages, Lachish and the fields thereof, Azekah and the towns thereof. So they encamped from Beer-sheba unto the valley of Hinnom.
63. Isa 54:9 For this is [as] the waters of Noah unto me; for as I have sworn that the waters of Noah shall no more go over the earth, so have I sworn that I will not be wroth with thee, nor rebuke thee.
64. Ezek 14:14 though these three men, Noah, Daniel, and Job, were in it, they should deliver but their own souls by their righteousness, saith the Lord Jehovah.
65. Ezek 14:20 though Noah, Daniel, and Job, were in it, as I live, saith the Lord Jehovah, they should deliver neither son nor daughter; they should but deliver their own souls by their righteousness.
66. Matt 24:37 And as [were] the days of Noah, so shall be the coming of the Son of man.
67. Matt 24:38 For as in those days which were before the flood they were eating and drinking, marrying and giving in marriage, until the day that Noah entered into the ark,
68. Luke 3:36 the [son] of Cainan, the [son] of Arphaxad, the [son] of Shem, the [son] of Noah, the [son] of Lamech,
69. Luke 17:26 And as it came to pass in the days of Noah, even so shall it be also in the days of the Son of man.
70. Luke 17:27 They ate, they drank, they married, they were given in marriage, until the day that Noah entered into the ark, and the flood came, and destroyed them all.
71. Heb 11:7 By faith Noah, being warned [of God] concerning things not seen as yet, moved with godly fear, prepared an ark to the saving of his house; through which he condemned the world, and became heir of the righteousness which is according to faith.
72. 1Pet 3:20 that aforetime were disobedient, when the longsuffering of God waited in the days of Noah, while the ark was a preparing, wherein few, that is, eight souls, were saved through water:
73. 2Pet 2:5 and spared not the ancient world, but preserved Noah with seven others, a preacher of righteousness, when he brought a flood upon the world of the ungodly;
