Please enter the search target: Found 77 time(s)
1. Gen 39:4 And Joseph found favor in his sight, and he ministered unto him: and he made him overseer over his house, and all that he had he put into his hand.
2. Gen 39:5 And it came to pass from the time that he made him overseer in his house, and over all that he had, that Jehovah blessed the Egyptian's house for Joseph's sake; and the blessing of Jehovah was upon all that he had, in the house and in the field.
3. Gen 41:34 Let Pharaoh do [this], and let him appoint overseers over the land, and take up the fifth part of the land of Egypt in the seven plenteous years.
4. Lev 19:19 Ye shall keep my statutes. Thou shalt not let thy cattle gender with a diverse kind: thou shalt not sow thy field with two kinds of seed: neither shall there come upon thee a garment of two kinds of stuff mingled together.
5. Num 22:32 And the angel of Jehovah said unto him, Wherefore hast thou smitten thine ass these three times? behold, I am come forth for an adversary, because thy way is perverse before me:
6. Num 23:20 Behold, I have received [commandment] to bless: And he hath blessed, and I cannot reverse it.
7. Num 23:21 He hath not beheld iniquity in Jacob; Neither hath he seen perverseness in Israel: Jehovah his God is with him, And the shout of a king is among them.
8. Deut 25:13 Thou shalt not have in thy bag diverse weights, a great and a small.
9. Deut 25:14 Thou shalt not have in thy house diverse measures, a great and a small.
10. Deut 32:5 They have dealt corruptly with him, [they are] not his children, [it is] their blemish; [They are] a perverse and crooked generation.
11. Deut 32:20 And he said, I will hide my face from them, I will see what their end shall be: For they are a very perverse generation, Children in whom is no faithfulness.
12. 1Sam 20:30 Then Saul's anger was kindled against Jonathan, and he said unto him, Thou son of a perverse rebellious woman, do not I know that thou hast chosen the son of Jesse to thine own shame, and unto the shame of thy mother's nakedness?
13. 2Sam 19:19 And he said unto the king, Let not my lord impute iniquity unto me, neither do thou remember that which thy servant did perversely the day that my lord the king went out of Jerusalem, that the king should take it to his heart.
14. 2Sam 22:27 With the pure thou wilt show thyself pure; And with the perverse thou wilt show thyself froward.
15. 2Sam 24:17 And David spake unto Jehovah when he saw the angel that smote the people, and said, Lo, I have sinned, and I have done perversely; but these sheep, what have they done? let thy hand, I pray thee, be against me, and against my father's house.
16. 1Kgs 8:47 yet if they shall bethink themselves in the land whither they are carried captive, and turn again, and make supplication unto thee in the land of them that carried them captive, saying, We have sinned, and have done perversely, we have dealt wickedly;
17. 1Chr 23:4 Of these, twenty and four thousand were to oversee the work of the house of Jehovah; and six thousand were officers and judges;
18. 1Chr 26:32 And his brethren, men of valor, were two thousand and seven hundred, heads of fathers' [houses], whom king David made overseers over the Reubenites, and the Gadites, and the half-tribe of the Manassites, for every matter pertaining to God, and for the affairs of the king.
19. 2Chr 2:2 And Solomon counted out threescore and ten thousand men to bear burdens, and fourscore thousand men that were hewers in the mountains, and three thousand and six hundred to oversee them.
20. 2Chr 2:18 And he set threescore and ten thousand of them to bear burdens, and fourscore thousand that were hewers in the mountains, and three thousand and six hundred overseers to set the people at work.
21. 2Chr 6:37 yet if they shall bethink themselves in the land whither they are carried captive, and turn again, and make supplication unto thee in the land of their captivity, saying, We have sinned, we have done perversely, and have dealt wickedly;
22. 2Chr 31:13 And Jehiel, and Azaziah, and Nahath, and Asahel, and Jerimoth, and Jozabad, and Eliel, and Ismachiah, and Mahath, and Benaiah, were overseers under the hand of Conaniah and Shimei his brother, by the appointment of Hezekiah the king, and Azariah the ruler of the house of God.
23. 2Chr 34:12 And the men did the work faithfully: and the overseers of them were Jahath and Obadiah, the Levites, of the sons of Merari; and Zechariah and Meshullam, of the sons of the Kohathites, to set it forward; and [others of] the Levites, all that were skilful with instruments of music.
24. 2Chr 34:17 And they have emptied out the money that was found in the house of Jehovah, and have delivered it into the hand of the overseers, and into the hand of the workmen.
25. Neh 11:9 And Joel the son of Zichri was their overseer; and Judah the son of Hassenuah was second over the city.
26. Neh 11:14 and their brethren, mighty men of valor, a hundred twenty and eight; and their overseer was Zabdiel, the son of Haggedolim.
27. Neh 11:22 The overseer also of the Levites at Jerusalem was Uzzi the son of Bani, the son of Hashabiah, the son of Mattaniah, the son of Mica, of the sons of Asaph, the singers, over the business of the house of God.
28. Neh 12:42 and Maaseiah, and Shemaiah, and Eleazar, and Uzzi, and Jehohanan, and Malchijah, and Elam, and Ezer. And the singers sang loud, with Jezrahiah their overseer.
29. Esth 1:7 And they gave them drink in vessels of gold (the vessels being diverse one from another), and royal wine in abundance, according to the bounty of the king.
30. Esth 3:8 And Haman said unto king Ahasuerus, There is a certain people scattered abroad and dispersed among the peoples in all the provinces of thy kingdom; and their laws are diverse from [those of] every people; neither keep they the king's laws: therefore it is not for the king's profit to suffer them.
31. Esth 8:5 And she said, If it please the king, and if I have found favor in his sight, and the thing seem right before the king, and I be pleasing in his eyes, let it be written to reverse the letters devised by Haman, the son of Hammedatha the Agagite, which he wrote to destroy the Jews that are in all the king's provinces:
32. Esth 8:8 Write ye also to the Jews, as it pleaseth you, in the king's name, and seal it with the king's ring; for the writing which is written in the king's name, and sealed with the king's ring, may no man reverse.
33. Job 9:20 Though I be righteous, mine own mouth shall condemn me: Though I be perfect, it shall prove me perverse.
34. Ps 18:26 With the pure thou wilt show thyself pure; And with the perverse thou wilt show thyself froward.
35. Ps 101:4 A perverse heart shall depart from me: I will know no evil thing.
36. Prov 2:12 To deliver thee from the way of evil, From the men that speak perverse things;
37. Prov 2:14 Who rejoice to do evil, And delight in the perverseness of evil;
38. Prov 3:32 For the perverse is an abomination to Jehovah; But his friendship is with the upright.
39. Prov 4:24 Put away from thee a wayward mouth, And perverse lips put far from thee.
40. Prov 6:7 Which having no chief, Overseer, or ruler,
41. Prov 6:12 A worthless person, a man of iniquity, Is he that walketh with a perverse mouth;
42. Prov 6:14 In whose heart is perverseness, Who deviseth evil continually, Who soweth discord.
43. Prov 8:8 All the words of my mouth are in righteousness; There is nothing crooked or perverse in them.
44. Prov 8:13 The fear of Jehovah is to hate evil: Pride, and arrogancy, and the evil way, And the perverse mouth, do I hate.
45. Prov 10:31 The mouth of the righteous bringeth forth wisdom; But the perverse tongue shall be cut off.
46. Prov 10:32 The lips of the righteous know what is acceptable; But the mouth of the wicked [speaketh] perverseness.
47. Prov 11:3 The integrity of the upright shall guide them; But the perverseness of the treacherous shall destroy them.
48. Prov 11:20 They that are perverse in heart are an abomination to Jehovah; But such as are perfect in [their] way are his delight.
49. Prov 12:8 A man shall be commended according to his wisdom; But he that is of a perverse heart shall be despised.
50. Prov 14:2 He that walketh in his uprightness feareth Jehovah; But he that is perverse in his ways despiseth him.
51. Prov 15:4 A gentle tongue is a tree of life; But perverseness therein is a breaking of the spirit.
52. Prov 16:28 A perverse man scattereth abroad strife; And a whisperer separateth chief friends.
53. Prov 16:30 He that shutteth his eyes, [it is] to devise perverse things: He that compresseth his lips bringeth evil to pass.
54. Prov 17:20 He that hath a wayward heart findeth no good; And he that hath a perverse tongue falleth into mischief.
55. Prov 19:1 Better is the poor that walketh in his integrity Than he that is perverse in his lips and is a fool.
56. Prov 20:10 Diverse weights, and diverse measures, Both of them alike are an abomination to Jehovah.
57. Prov 20:23 Diverse weights are an abomination to Jehovah; And a false balance is not good.
58. Prov 22:5 Thorns [and] snares are in the way of the perverse: He that keepeth his soul shall be far from them.
59. Prov 23:33 Thine eyes shall behold strange things, And thy heart shall utter perverse things.
60. Prov 28:6 Better is the poor that walketh in his integrity, Than he that is perverse in [his] ways, though he be rich.
61. Prov 28:18 Whoso walketh uprightly shall be delivered; But he that is perverse in [his] ways shall fall at once.
62. Isa 10:1 Woe unto them that decree unrighteous decrees, and to the writers that write perverseness;
63. Isa 19:14 Jehovah hath mingled a spirit of perverseness in the midst of her; and they have caused Egypt to go astray in every work thereof, as a drunken man staggereth in his vomit.
64. Isa 30:12 Wherefore thus saith the Holy One of Israel, Because ye despise this word, and trust in oppression and perverseness, and rely thereon;
65. Dan 7:3 And four great beasts came up from the sea, diverse one from another.
66. Dan 7:7 After this I saw in the night-visions, and, behold, a fourth beast, terrible and powerful, and strong exceedingly; and it had great iron teeth; it devoured and brake in pieces, and stamped the residue with its feet: and it was diverse from all the beasts that were before it; and it had ten horns.
67. Dan 7:19 Then I desired to know the truth concerning the fourth beast, which was diverse from all of them, exceeding terrible, whose teeth were of iron, and its nails of brass; which devoured, brake in pieces, and stamped the residue with its feet;
68. Dan 7:23 Thus he said, The fourth beast shall be a fourth kingdom upon earth, which shall be diverse from all the kingdoms, and shall devour the whole earth, and shall tread it down, and break it in pieces.
69. Dan 7:24 And as for the ten horns, out of this kingdom shall ten kings arise: and another shall arise after them; and he shall be diverse from the former, and he shall put down three kings.
70. Dan 9:5 we have sinned, and have dealt perversely, and have done wickedly, and have rebelled, even turning aside from thy precepts and from thine ordinances;
71. Mic 2:8 But of late my people is risen up as an enemy: ye strip the robe from off the garment from them that pass by securely [as men] averse from war.
72. Hab 1:3 Why dost thou show me iniquity, and look upon perverseness? for destruction and violence are before me; and there is strife, and contention riseth up.
73. Hab 1:13 Thou that art of purer eyes than to behold evil, and that canst not look on perverseness, wherefore lookest thou upon them that deal treacherously, and holdest thy peace when the wicked swalloweth up the man that is more righteous than he;
74. Matt 17:17 And Jesus answered and said, O faithless and perverse generation, how long shall I be with you? how long shall I bear with you? bring him hither to me.
75. Luke 9:41 And Jesus answered and said, O faithless and perverse generation, how long shall I be with you, and bear with you? bring hither thy son.
76. Acts 20:30 and from among your own selves shall men arise, speaking perverse things, to draw away the disciples after them.
77. Phil 2:15 that ye may become blameless and harmless, children of God without blemish in the midst of a crooked and perverse generation, among whom ye are seen as lights in the world,
