Please enter the search target: Found 487 time(s)
1. Gen 1:9 And God said, Let the waters under the heavens be gathered together unto one place, and let the dry land appear: and it was so.
2. Gen 1:10 And God called the dry land Earth; and the gathering together of the waters called he Seas: and God saw that it was good.
3. Gen 3:7 And the eyes of them both were opened, and they knew that they were naked; and they sewed fig-leaves together, and made themselves aprons.
4. Gen 13:6 And the land was not able to bear them, that they might dwell together: for their substance was great, so that they could not dwell together.
5. Gen 14:3 All these joined together in the vale of Siddim (the same is the Salt Sea).
6. Gen 18:21 I will go down now, and see whether they have done altogether according to the cry of it, which is come unto me; and if not, I will know.
7. Gen 22:6 And Abraham took the wood of the burnt-offering, and laid it upon Isaac his son. And he took in his hand the fire and the knife. And they went both of them together.
8. Gen 22:8 And Abraham said, God will provide himself the lamb for a burnt-offering, my son. So they went both of them together.
9. Gen 22:19 So Abraham returned unto his young men, and they rose up and went together to Beer-sheba. And Abraham dwelt at Beer-sheba.
10. Gen 25:22 And the children struggled together within her. And she said, If it be so, wherefore do I live? And she went to inquire of Jehovah.
11. Gen 29:7 And he said, Lo, it is yet high day, neither is it time that the cattle should be gathered together. Water ye the sheep, and go and feed them.
12. Gen 29:8 And they said, We cannot, until all the flocks be gathered together, and they roll the stone from the well's mouth. Then we water the sheep.
13. Gen 29:22 And Laban gathered together all the men of the place, and made a feast.
14. Gen 34:30 And Jacob said to Simeon and Levi, Ye have troubled me, to make me odious to the inhabitants of the land, among the Canaanites and the Perizzites: and, I being few in number, they will gather themselves together against me and smite me; and I shall be destroyed, I and my house.
15. Gen 36:7 For their substance was too great for them to dwell together; and the land of their sojournings could not bear them because of their cattle.
16. Gen 42:17 And he put them all together into ward three days.
17. Gen 49:1 And Jacob called unto his sons, and said: gather yourselves together, that I may tell you that which shall befall you in the latter days.
18. Exod 2:13 And he went out the second day, and, behold, two men of the Hebrews were striving together: and he said to him that did the wrong, Wherefore smitest thou thy fellow?
19. Exod 3:16 Go, and gather the elders of Israel together, and say unto them, Jehovah, the God of your fathers, the God of Abraham, of Isaac, and of Jacob, hath appeared unto me, saying, I have surely visited you, and [seen] that which is done to you in Egypt:
20. Exod 4:29 And Moses and Aaron went and gathered together all the elders of the children of Israel:
21. Exod 8:14 And they gathered them together in heaps; and the land stank.
22. Exod 11:1 And Jehovah said unto Moses, Yet one plague more will I bring upon Pharaoh, and upon Egypt; afterwards he will let you go hence: when he shall let you go, he shall surely thrust you out hence altogether.
23. Exod 19:8 And all the people answered together, and said, All that Jehovah hath spoken we will do. And Moses reported the words of the people unto Jehovah.
24. Exod 21:22 And if men strive together, and hurt a woman with child, so that her fruit depart, and yet no harm follow; he shall be surely fined, according as the woman's husband shall lay upon him; and he shall pay as the judges determine.
25. Exod 26:3 Five curtains shall be coupled together one to another; and [the other] five curtains shall be coupled one to another.
26. Exod 26:11 And thou shalt make fifty clasps of brass, and put the clasps into the loops, and couple the tent together, that it may be one.
27. Exod 28:7 It shall have two shoulder-pieces joined to the two ends thereof, that it may be joined together.
28. Exod 32:1 And when the people saw that Moses delayed to come down from the mount, the people gathered themselves together unto Aaron, and said unto him, Up, make us gods, which shall go before us; for as for this Moses, the man that brought us up out of the land of Egypt, we know not what is become of him.
29. Exod 32:26 then Moses stood in the gate of the camp, and said, Whoso is on Jehovah's side, [let him come] unto me. And all the sons of Levi gathered themselves together unto him.
30. Exod 36:18 And he made fifty clasps of brass to couple the tent together, that it might be one.
31. Exod 39:4 They made shoulder-pieces for it, joined together; at the two ends was it joined together.
32. Lev 19:19 Ye shall keep my statutes. Thou shalt not let thy cattle gender with a diverse kind: thou shalt not sow thy field with two kinds of seed: neither shall there come upon thee a garment of two kinds of stuff mingled together.
33. Lev 24:10 And the son of an Israelitish woman, whose father was an Egyptian, went out among the children of Israel; and the son of the Israelitish woman and a man of Israel strove together in the camp:
34. Lev 26:25 And I will bring a sword upon you, that shall execute the vengeance of the covenant; and ye shall be gathered together within your cities: and I will send the pestilence among you; and ye shall be delivered into the hand of the enemy.
35. Num 1:18 And they assembled all the congregation together on the first day of the second month; and they declared their pedigrees after their families, by their fathers' houses, according to the number of the names, from twenty years old and upward, by their polls.
36. Num 6:20 and the priest shall wave them for a wave-offering before Jehovah; this is holy for the priest, together with the wave-breast and heave-thigh: and after that the Nazirite may drink wine.
37. Num 10:7 But when the assembly is to be gathered together, ye shall blow, but ye shall not sound an alarm.
38. Num 11:22 Shall flocks and herds be slain for them, to suffice them? or shall all the fish of the sea be gathered together for them, to suffice them?
39. Num 14:35 I, Jehovah, have spoken, surely this will I do unto all this evil congregation, that are gathered together against me: in this wilderness they shall be consumed, and there they shall die.
40. Num 16:3 and they assembled themselves together against Moses and against Aaron, and said unto them, Ye take too much upon you, seeing all the congregation are holy, every one of them, and Jehovah is among them: wherefore then lift ye up yourselves above the assembly of Jehovah?
41. Num 16:11 Therefore thou and all thy company are gathered together against Jehovah: and Aaron, what is he that ye murmur against him?
42. Num 20:2 And there was no water for the congregation: and they assembled themselves together against Moses and against Aaron.
43. Num 20:10 And Moses and Aaron gathered the assembly together before the rock, and he said unto them, Hear now, ye rebels; shall we bring you forth water out of this rock?
44. Num 21:16 And from thence [they journeyed] to Beer: that is the well whereof Jehovah said unto Moses, Gather the people together, and I will give them water.
45. Num 21:23 And Sihon would not suffer Israel to pass through his border: but Sihon gathered all his people together, and went out against Israel into the wilderness, and came to Jahaz; and he fought against Israel.
46. Num 23:11 And Balak said unto Balaam, What hast thou done unto me? I took thee to curse mine enemies, and, behold, thou hast blessed them altogether.
47. Num 24:10 And Balak's anger was kindled against Balaam, and he smote his hands together; and Balak said unto Balaam, I called thee to curse mine enemies, and, behold, thou hast altogether blessed them these three times.
48. Num 26:10 and the earth opened its mouth, and swallowed them up together with Korah, when that company died; what time the fire devoured two hundred and fifty men, and they became a sign.
49. Num 27:3 Our father died in the wilderness, and he was not among the company of them that gathered themselves together against Jehovah in the company of Korah: but he died in his own sin; and he had no sons.
50. Num 30:14 But if her husband altogether hold his peace at her from day to day, then he establisheth all her vows, or all her bonds, which are upon her: he hath established them, because he held his peace at her in the day that he heard them.
51. Deut 16:15 Seven days shalt thou keep a feast unto Jehovah thy God in the place which Jehovah shall choose; because Jehovah thy God will bless thee in all thine increase, and in all the work of thy hands, and thou shalt be altogether joyful.
52. Deut 16:20 That which is altogether just shalt thou follow, that thou mayest live, and inherit the land which Jehovah thy God giveth thee.
53. Deut 22:10 Thou shalt not plow with an ox and an ass together.
54. Deut 22:11 Thou shalt not wear a mingled stuff, wool and linen together.
55. Deut 25:5 If brethren dwell together, and one of them die, and have no son, the wife of the dead shall not be married without unto a stranger: her husband's brother shall go in unto her, and take her to him to wife, and perform the duty of a husband's brother unto her.
56. Deut 25:11 When men strive together one with another, and the wife of the one draweth near to deliver her husband out of the hand of him that smiteth him, and putteth forth her hand, and taketh him by the secrets;
57. Deut 33:5 And he was king in Jeshurun, When the heads of the people were gathered, All the tribes of Israel together.
58. Josh 8:16 And all the people that were in the city were called together to pursue after them: and they pursued after Joshua, and were drawn away from the city.
59. Josh 9:2 that they gathered themselves together, to fight with Joshua and with Israel, with one accord.
60. Josh 10:5 Therefore the five kings of the Amorites, the king of Jerusalem, the king of Hebron, the king of Jarmuth, the king of Lachish, the king of Eglon, gathered themselves together, and went up, they and all their hosts, and encamped against Gibeon, and made war against it.
61. Josh 10:6 And the men of Gibeon sent unto Joshua to the camp to Gilgal, saying, Slack not thy hand from thy servants; come up to us quickly, and save us, and help us: for all the kings of the Amorites that dwell in the hill-country are gathered together against us.
62. Josh 11:5 And all these kings met together; and they came and encamped together at the waters of Merom, to fight with Israel.
63. Josh 16:9 together with the cities which were set apart for the children of Ephraim in the midst of the inheritance of the children of Manasseh, all the cities with their villages.
64. Josh 18:1 And the whole congregation of the children of Israel assembled themselves together at Shiloh, and set up the tent of meeting there: and the land was subdued before them.
65. Josh 22:12 And when the children of Israel heard of it, the whole congregation of the children of Israel gathered themselves together at Shiloh, to go up against them to war.
66. Judg 4:10 And Barak called Zebulun and Naphtali together to Kedesh; and there went up ten thousand men at his feet: and Deborah went up with him.
67. Judg 4:13 And Sisera gathered together all his chariots, even nine hundred chariots of iron, and all the people that were with him, from Harosheth of the Gentiles, unto the river Kishon.
68. Judg 6:33 Then all the Midianites and the Amalekites and the children of the east assembled themselves together; and they passed over, and encamped in the valley of Jezreel.
69. Judg 6:34 But the Spirit of Jehovah came upon Gideon; and he blew a trumpet; and Abiezer was gathered together after him.
70. Judg 6:35 And he sent messengers throughout all Manasseh; and they also were gathered together after him: and he sent messengers unto Asher, and unto Zebulun, and unto Naphtali; and they came up to meet them.
71. Judg 6:38 And it was so; for he rose up early on the morrow, and pressed the fleece together, and wrung the dew out of the fleece, a bowlful of water.
72. Judg 7:23 And the men of Israel were gathered together out of Naphtali, and out of Asher, and out of all Manasseh, and pursued after Midian.
73. Judg 7:24 And Gideon sent messengers throughout all the hill-country of Ephraim, saying, Come down against Midian, and take before them the waters, as far as Beth-barah, even the Jordan. So all the men of Ephraim were gathered together, and took the waters as far as Beth-barah, even the Jordan.
74. Judg 9:6 And all the men of Shechem assembled themselves together, and all the house of Millo, and went and made Abimelech king, by the oak of the pillar that was in Shechem.
75. Judg 9:47 And it was told Abimelech that all the men of the tower of Shechem were gathered together.
76. Judg 10:17 Then the children of Ammon were gathered together, and encamped in Gilead. And the children of Israel assembled themselves together, and encamped in Mizpah.
77. Judg 11:20 But Sihon trusted not Israel to pass through his border; but Sihon gathered all his people together, and encamped in Jahaz, and fought against Israel.
78. Judg 12:1 And the men of Ephraim were gathered together, and passed northward; and they said unto Jephthah, Wherefore passedst thou over to fight against the children of Ammon, and didst not call us to go with thee? we will burn thy house upon thee with fire.
79. Judg 12:4 Then Jephthah gathered together all the men of Gilead, and fought with Ephraim; and the men of Gilead smote Ephraim, because they said, Ye are fugitives of Ephraim, ye Gileadites, in the midst of Ephraim, [and] in the midst of Manasseh.
80. Judg 16:23 And the lords of the Philistines gathered them together to offer a great sacrifice unto Dagon their god, and to rejoice; for they said, Our god hath delivered Samson our enemy into our hand.
81. Judg 18:22 When they were a good way from the house of Micah, the men that were in the houses near to Micah's house were gathered together, and overtook the children of Dan.
82. Judg 19:6 So they sat down, and did eat and drink, both of them together: and the damsel's father said unto the man, Be pleased, I pray thee, to tarry all night, and let thy heart be merry.
83. Judg 20:11 So all the men of Israel were gathered against the city, knit together as one man.
84. Judg 20:14 And the children of Benjamin gathered themselves together out of the cities unto Gibeah, to go out to battle against the children of Israel.
85. 1Sam 5:11 They sent therefore and gathered together all the lords of the Philistines, and they said, Send away the ark of the God of Israel, and let it go again to its own place, that is slay us not, and our people. For there was a deadly discomfiture throughout all the city; the hand of God was very heavy there.
86. 1Sam 7:6 And they gathered together to Mizpah, and drew water, and poured it out before Jehovah, and fasted on that day, and said there, We have sinned against Jehovah. And Samuel judged the children of Israel in Mizpah.
87. 1Sam 7:7 And when the Philistines heard that the children of Israel were gathered together to Mizpah, the lords of the Philistines went up against Israel. And when the children of Israel heard it, they were afraid of the Philistines.
88. 1Sam 8:4 Then all the elders of Israel gathered themselves together, and came to Samuel unto Ramah;
89. 1Sam 10:17 And Samuel called the people together unto Jehovah to Mizpah;
90. 1Sam 11:11 And it was so on the morrow, that Saul put the people in three companies; and they came into the midst of the camp in the morning watch, and smote the Ammonites until the heat of the day: and it came to pass, that they that remained were scattered, so that not two of them were left together.
91. 1Sam 13:4 And all Israel heard say that Saul had smitten the garrison of the Philistines, and also that Israel was had in abomination with the Philistines. And the people were gathered together after Saul to Gilgal.
92. 1Sam 13:5 And the Philistines assembled themselves together to fight with Israel, thirty thousand chariots, and six thousand horsemen, and people as the sand which is on the sea-shore in multitude: and they came up, and encamped in Michmash, eastward of Beth-aven.
93. 1Sam 13:11 And Samuel said, What hast thou done? And Saul said, Because I saw that the people were scattered from me, and that thou camest not within the days appointed, and that the Philistines assembled themselves together at Michmash;
94. 1Sam 14:20 And Saul and all the people that were with him were gathered together, and came to the battle: and, behold, every man's sword was against his fellow, [and there was] a very great discomfiture.
95. 1Sam 17:1 Now the Philistines gathered together their armies to battle; and they were gathered together at Socoh, which belongeth to Judah, and encamped between Socoh and Azekah, in Ephes-dammim.
96. 1Sam 17:2 And Saul and the men of Israel were gathered together, and encamped in the vale of Elah, and set the battle in array against the Philistines.
97. 1Sam 17:10 And the Philistine said, I defy the armies of Israel this day; give me a man, that we may fight together.
98. 1Sam 25:1 And Samuel died; and all Israel gathered themselves together, and lamented him, and buried him in his house at Ramah. And David arose, and went down to the wilderness of Paran.
99. 1Sam 28:1 And it came to pass in those days, that the Philistines gathered their hosts together for warfare, to fight with Israel. And Achish said unto David, Know thou assuredly, that thou shalt go out with me in the host, thou and thy men.
100. 1Sam 28:4 And the Philistines gathered themselves together, and came and encamped in Shunem: and Saul gathered all Israel together, and they encamped in Gilboa.
101. 1Sam 28:23 But he refused, and said, I will not eat. But his servants, together with the woman, constrained him; and he hearkened unto their voice. So he arose from the earth, and sat upon the bed.
102. 1Sam 29:1 Now the Philistines gathered together all their hosts to Aphek: and the Israelites encamped by the fountain which is in Jezreel.
103. 1Sam 31:6 So Saul died, and his three sons, and his armorbearer, and all his men, that same day together.
104. 2Sam 2:16 And they caught every one his fellow by the head, and [thrust] his sword in his fellow's side; so they fell down together: wherefore that place was called Helkath-hazzurim, which is in Gibeon.
105. 2Sam 2:25 And the children of Benjamin gathered themselves together after Abner, and became one band, and stood on the top of a hill.
106. 2Sam 2:30 And Joab returned from following Abner: and when he had gathered all the people together, there lacked of David's servants nineteen men and Asahel.
107. 2Sam 6:1 And David again gathered together all the chosen men of Israel, thirty thousand.
108. 2Sam 10:15 And when the Syrians saw that they were put to the worse before Israel, they gathered themselves together.
109. 2Sam 10:17 And it was told David; and he gathered all Israel together, and passed over the Jordan, and came to Helam. And the Syrians set themselves in array against David, and fought with him.
110. 2Sam 12:3 but the poor man had nothing, save one little ewe lamb, which he had bought and nourished up: and it grew up together with him, and with his children; it did eat of his own morsel, and drank of his own cup, and lay in his bosom, and was unto him as a daughter.
111. 2Sam 12:19 But when David saw that his servants were whispering together, David perceived that the child was dead; and David said unto his servants, Is the child dead? And they said, He is dead.
112. 2Sam 12:28 Now therefore gather the rest of the people together, and encamp against the city, and take it; lest I take the city, and it be called after my name.
113. 2Sam 12:29 And David gathered all the people together, and went to Rabbah, and fought against it, and took it.
114. 2Sam 14:6 And thy handmaid had two sons, and they two strove together in the field, and there was none to part them, but the one smote the other, and killed him.
115. 2Sam 14:16 For the king will hear, to deliver his servant out of the hand of the man that would destroy me and my son together out of the inheritance of God.
116. 2Sam 17:11 But I counsel that all Israel be gathered together unto thee, from Dan even to Beer-sheba, as the sand that is by the sea for multitude; and that thou go to battle in thine own person.
117. 2Sam 20:4 Then said the king to Amasa, Call me the men of Judah together within three days, and be thou here present.
118. 2Sam 20:5 So Amasa went to call [the men of] Judah together; but he tarried longer than the set time which he had appointed him.
119. 2Sam 20:14 And he went through all the tribes of Israel unto Abel, and to Beth-maacah, and all the Berites: and they were gathered together, and went also after him.
120. 2Sam 21:9 And he delivered them into the hands of the Gibeonites, and they hanged them in the mountain before Jehovah, and they fell [all] seven together. And they were put to death in the days of harvest, in the first days, at the beginning of barley harvest.
121. 2Sam 23:9 And after him was Eleazar the son of Dodai the son of an Ahohite, one of the three mighty men with David, when they defied the Philistines that were there gathered together to battle, and the men of Israel were gone away.
122. 2Sam 23:11 And after him was Shammah the son of Agee a Hararite. And the Philistines were gathered together into a troop, where was a plot of ground full of lentils; and the people fled from the Philistines.
123. 1Kgs 3:18 And it came to pass the third day after I was delivered, that this woman was delivered also; and we were together; there was no stranger with us in the house, save we two in the house.
124. 1Kgs 5:12 And Jehovah gave Solomon wisdom, as he promised him; and there was peace between Hiram and Solomon; and they two made a league together.
125. 1Kgs 10:26 And Solomon gathered together chariots and horsemen: and he had a thousand and four hundred chariots, and twelve thousand horsemen, that he bestowed in the chariot cities, and with the king at Jerusalem.
126. 1Kgs 11:1 Now king Solomon loved many foreign women, together with the daughter of Pharaoh, women of the Moabites, Ammonites, Edomites, Sidonians, and Hittites;
127. 1Kgs 18:20 So Ahab sent unto all the children of Israel, and gathered the prophets together unto mount Carmel.
128. 1Kgs 20:1 And Ben-hadad the king of Syria gathered all his host together; and there were thirty and two kings with him, and horses and chariots: and he went up and besieged Samaria, and fought against it.
129. 1Kgs 22:6 Then the king of Israel gathered the prophets together, about four hundred men, and said unto them, Shall I go against Ramoth-gilead to battle, or shall I forbear? And they said, Go up; for the Lord will deliver it into the hand of the king.
130. 1Kgs 2:8 And Elijah took his mantle, and wrapped it together, and smote the waters, and they were divided hither and thither, so that they two went over on dry ground.
131. 1Kgs 3:10 And the king of Israel said, Alas! for Jehovah hath called these three kings together to deliver them into the hand of Moab.
132. 1Kgs 3:13 And Elisha said unto the king of Israel, What have I to do with thee? get thee to the prophets of thy father, and to the prophets of thy mother. And the king of Israel said unto him, Nay; for Jehovah hath called these three kings together to deliver them into the hand of Moab.
133. 1Kgs 3:21 Now when all the Moabites heard that the kings were come up to fight against them, they gathered themselves together, all that were able to put on armor, and upward, and stood on the border.
134. 1Kgs 9:25 Then said [Jehu] to Bidkar his captain, Take up, and cast him in the portion of the field of Naboth the Jezreelite; for remember how that, when I and thou rode together after Ahab his father, Jehovah laid this burden upon him:
135. 1Kgs 10:18 And Jehu gathered all the people together, and said unto them, Ahab served Baal a little; but Jehu will serve him much.
136. 1Chr 10:6 So Saul died, and his three sons; and all his house died together.
137. 1Chr 11:10 Now these are the chief of the mighty men whom David had, who showed themselves strong with him in his kingdom, together with all Israel, to make him king, according to the word of Jehovah concerning Israel.
138. 1Chr 11:13 He was with David at Pasdammim, and there the Philistines were gathered together to battle, where was a plot of ground full of barley; and the people fled from before the Philistines.
139. 1Chr 13:5 So David assembled all Israel together, from the Shihor [the brook] of Egypt even unto the entrance of Hamath, to bring the ark of God from Kiriath-jearim.
140. 1Chr 15:4 And David gathered together the sons of Aaron, and the Levites:
141. 1Chr 16:35 And say ye, Save us, O God of our salvation, And gather us together and deliver us from the nations, To give thanks unto thy holy name, And to triumph in thy praise.
142. 1Chr 19:7 So they hired them thirty and two thousand chariots, and the king of Maacah and his people, who came and encamped before Medeba. And the children of Ammon gathered themselves together from their cities, and came to battle.
143. 1Chr 19:17 And it was told David; and he gathered all Israel together, and passed over the Jordan, and came upon them, and set the battle in array against them. So when David had put the battle in array against the Syrians, they fought with him.
144. 1Chr 22:2 And David commanded to gather together the sojourners that were in the land of Israel; and he set masons to hew wrought stones to build the house of God.
145. 1Chr 23:2 And he gathered together all the princes of Israel, with the priests and the Levites.
146. 2Chr 12:5 Now Shemaiah the prophet came to Rehoboam, and to the princes of Judah, that were gathered together to Jerusalem because of Shishak, and said unto them, Thus saith Jehovah, Ye have forsaken me, therefore have I also left you in the hand of Shishak.
147. 2Chr 12:12 And when he humbled himself, the wrath of Jehovah turned from him, so as not to destroy him altogether: and moreover in Judah there were good things [found].
148. 2Chr 15:10 So they gathered themselves together at Jerusalem in the third month, in the fifteenth year of the reign of Asa.
149. 2Chr 18:5 Then the king of Israel gathered the prophets together, four hundred men, and said unto them, Shall we go to Ramoth-gilead to battle, or shall I forbear? And they said, Go up; for God will deliver it into the hand of the king.
150. 2Chr 20:4 And Judah gathered themselves together, to seek [help] of Jehovah: even out of all the cities of Judah they came to seek Jehovah.
151. 2Chr 24:5 And he gathered together the priests and the Levites, and said to them, Go out unto the cities of Judah, and gather of all Israel money to repair the house of your God from year to year; and see that ye hasten the matter. Howbeit the Levites hastened it not.
152. 2Chr 25:5 Moreover Amaziah gathered Judah together, and ordered them according to their fathers' houses, under captains of thousands and captains of hundreds, even all Judah and Benjamin: and he numbered them from twenty years old and upward, and found them three hundred thousand chosen men, able to go forth to war, that could handle spear and shield.
153. 2Chr 28:24 And Ahaz gathered together the vessels of the house of God, and cut in pieces the vessels of the house of God, and shut up the doors of the house of Jehovah; and he made him altars in every corner of Jerusalem.
154. 2Chr 29:4 And he brought in the priests and the Levites, and gathered them together into the broad place on the east,
155. 2Chr 29:27 And Hezekiah commanded to offer the burnt-offering upon the altar. And when the burnt-offering began, the song of Jehovah began also, and the trumpets, together with the instruments of David king of Israel.
156. 2Chr 30:3 For they could not keep it at that time, because the priests had not sanctified themselves in sufficient number, neither had the people gathered themselves together to Jerusalem.
157. 2Chr 32:4 So there was gathered much people together, and they stopped all the fountains, and the brook that flowed through the midst of the land, saying, Why should the kings of Assyria come, and find much water?
158. 2Chr 32:6 And he set captains of war over the people, and gathered them together to him in the broad place at the gate of the city, and spake comfortably to them, saying,
159. 2Chr 34:29 Then the king sent and gathered together all the elders of Judah and Jerusalem.
160. Ezra 2:64 The whole assembly together was forty and two thousand three hundred and threescore,
161. Ezra 3:1 And when the seventh month was come, and the children of Israel were in the cities, the people gathered themselves together as one man to Jerusalem.
162. Ezra 3:9 Then stood Jeshua with his sons and his brethren, Kadmiel and his sons, the sons of Judah, together, to have the oversight of the workmen in the house of God: the sons of Henadad, with their sons and their brethren the Levites.
163. Ezra 4:3 But Zerubbabel, and Jeshua, and the rest of the heads of fathers' [houses] of Israel, said unto them, Ye have nothing to do with us in building a house unto our God; but we ourselves together will build unto Jehovah, the God of Israel, as king Cyrus the king of Persia hath commanded us.
164. Ezra 6:20 For the priests and the Levites had purified themselves together; all of them were pure: and they killed the passover for all the children of the captivity, and for their brethren the priests, and for themselves.
165. Ezra 7:28 and hath extended lovingkindness unto me before the king, and his counsellors, and before all the king's mighty princes. And I was strengthened according to the hand of Jehovah my God upon me, and I gathered together out of Israel chief men to go up with me.
166. Ezra 8:15 And I gathered them together to the river that runneth to Ahava; and there we encamped three days: and I viewed the people, and the priests, and found there none of the sons of Levi.
167. Ezra 10:1 Now while Ezra prayed and made confession, weeping and casting himself down before the house of God, there was gathered together unto him out of Israel a very great assembly of men and women and children; for the people wept very sore.
168. Ezra 10:7 And they made proclamation throughout Judah and Jerusalem unto all the children of the captivity, that they should gather themselves together unto Jerusalem;
169. Ezra 10:9 Then all the men of Judah and Benjamin gathered themselves together unto Jerusalem within the three days; it was the ninth month, on the twentieth [day] of the month: and all the people sat in the broad place before the house of God, trembling because of this matter, and for the great rain.
170. Neh 4:6 So we built the wall; and all the wall was joined together unto half [the height] thereof: for the people had a mind to work.
171. Neh 4:8 and they conspired all of them together to come and fight against Jerusalem, and to cause confusion therein.
172. Neh 6:2 that Sanballat and Geshem sent unto me, saying, Come, let us meet together in [one of] the villages in the plain of Ono. But they thought to do me mischief.
173. Neh 6:7 And thou hast also appointed prophets to preach of thee at Jerusalem, saying, There is a king in Judah: and now shall it be reported to the king according to these words. Come now therefore, and let us take counsel together.
174. Neh 6:10 And I went unto the house of Shemaiah the son of Delaiah the son of Mehetabel, who was shut up; and he said, Let us meet together in the house of God, within the temple, and let us shut the doors of the temple: for they will come to slay thee; yea, in the night will they come to slay thee.
175. Neh 7:5 And my God put into my heart to gather together the nobles, and the rulers, and the people, that they might be reckoned by genealogy. And I found the book of the genealogy of them that came up at the first, and I found written therein:
176. Neh 7:66 The whole assembly together was forty and two thousand three hundred and threescore,
177. Neh 8:1 And all the people gathered themselves together as one man into the broad place that was before the water gate; and they spake unto Ezra the scribe to bring the book of the law of Moses, which Jehovah had commanded to Israel.
178. Neh 8:13 And on the second day were gathered together the heads of fathers' [houses] of all the people, the priests, and the Levites, unto Ezra the scribe, even to give attention to the words of the law.
179. Neh 12:28 And the sons of the singers gathered themselves together, both out of the plain round about Jerusalem, and from the villages of the Netophathites;
180. Neh 13:11 Then contended I with the rulers, and said, Why is the house of God forsaken? And I gathered them together, and set them in their place.
181. Esth 2:3 and let the king appoint officers in all the provinces of his kingdom, that they may gather together all the fair young virgins unto Shushan the palace, to the house of the women, unto the custody of Hegai the king's chamberlain, keeper of the women; and let their things for purification be given them;
182. Esth 2:8 So it came to pass, when the king's commandment and his decree was heard, and when many maidens were gathered together unto Shushan the palace, to the custody of Hegai, that Esther was taken into the king's house, to the custody of Hegai, keeper of the women.
183. Esth 2:19 And when the virgins were gathered together the second time, then Mordecai was sitting in the king's gate.
184. Esth 4:14 For if thou altogether holdest thy peace at this time, then will relief and deliverance arise to the Jews from another place, but thou and thy father's house will perish: and who knoweth whether thou art not come to the kingdom for such a time as this?
185. Esth 4:16 Go, gather together all the Jews that are present in Shushan, and fast ye for me, and neither eat nor drink three days, night or day: I also and my maidens will fast in like manner; and so will I go in unto the king, which is not according to the law: and if I perish, I perish.
186. Esth 5:12 Haman said moreover, Yea, Esther the queen did let no man come in with the king unto the banquet that she had prepared but myself; and to-morrow also am I invited by her together with the king.
187. Esth 8:11 wherein the king granted the Jews that were in every city to gather themselves together, and to stand for their life, to destroy, to slay, and to cause to perish, all the power of the people and province that would assault them, [their] little ones and women, and to take the spoil of them for a prey,
188. Esth 9:2 the Jews gathered themselves together in their cities throughout all the provinces of the king Ahasuerus, to lay hand on such as sought their hurt: and no man could withstand them; for the fear of them was fallen upon all the peoples.
189. Esth 9:15 And the Jews that were in Shushan gathered themselves together on the fourteenth day also of the month Adar, and slew three hundred men in Shushan; but on the spoil they laid not their hand.
190. Esth 9:16 And the other Jews that were in the king's provinces gathered themselves together, and stood for their lives, and had rest from their enemies, and slew of them that hated them seventy and five thousand; but on the spoil they laid not their hand.
191. Esth 9:18 But the Jews that were in Shushan assembled together on the thirteenth [day] thereof, and on the fourteenth thereof; and on the fifteenth [day] of the same they rested, and made it a day of feasting and gladness.
192. Job 2:11 Now when Job's three friends heard of all this evil that was come upon him, they came every one from his own place: Eliphaz the Temanite, and Bildad the Shuhite, and Zophar the Naamathite, and they made an appointment together to come to bemoan him and to comfort him.
193. Job 3:18 There the prisoners are at ease together; They hear not the voice of the taskmaster.
194. Job 9:32 For he is not a man, as I am, that I should answer him, That we should come together in judgment.
195. Job 10:8 Thy hands have framed me and fashioned me Together round about; yet thou dost destroy me.
196. Job 10:11 Thou hast clothed me with skin and flesh, And knit me together with bones and sinews.
197. Job 13:5 Oh that ye would altogether hold your peace! And it would be your wisdom.
198. Job 16:4 I also could speak as ye do; If your soul were in my soul's stead, I could join words together against you, And shake my head at you.
199. Job 16:10 They have gaped upon me with their mouth; They have smitten me upon the cheek reproachfully: They gather themselves together against me.
200. Job 19:12 His troops come on together, And cast up their way against me, And encamp round about my tent.
201. Job 27:12 Behold, all ye yourselves have seen it; Why then are ye become altogether vain?
202. Job 30:7 Among the bushes they bray; Under the nettles they are gathered together.
203. Job 31:38 If my land crieth out against me, And the furrows thereof weep together;
204. Job 34:15 All flesh shall perish together, And man shall turn again unto dust.
205. Job 38:7 When the morning stars sang together, And all the sons of God shouted for joy?
206. Job 38:38 When the dust runneth into a mass, And the clods cleave fast together?
207. Job 40:13 Hide them in the dust together; Bind their faces in the hidden [place].
208. Job 40:17 He moveth his tail like a cedar: The sinews of his thighs are knit together.
209. Job 41:15 [His] strong scales are [his] pride, Shut up together [as with] a close seal.
210. Job 41:17 They are joined one to another; They stick together, so that they cannot be sundered.
211. Job 41:23 The flakes of his flesh are joined together: They are firm upon him; they cannot be moved.
212. Ps 2:2 The kings of the earth set themselves, And the rulers take counsel together, Against Jehovah, and against his anointed, [saying],
213. Ps 14:3 They are all gone aside; they are together become filthy; There is none that doeth good, no, not one.
214. Ps 19:9 The fear of Jehovah is clean, enduring for ever: The ordinances of Jehovah are true, [and] righteous altogether.
215. Ps 31:13 For I have heard the defaming of many, Terror on every side: While they took counsel together against me, They devised to take away my life.
216. Ps 33:7 He gathereth the waters of the sea together as a heap: He layeth up the deeps in store-houses.
217. Ps 34:3 Oh magnify Jehovah with me, And let us exalt his name together.
218. Ps 35:15 But in mine adversity they rejoiced, and gathered themselves together: The abjects gathered themselves together against me, and I knew [it] not; They did tear me, and ceased not:
219. Ps 35:26 Let them be put to shame and confounded together that rejoice at my hurt: Let them be clothed with shame and dishonor that magnify themselves against me.
220. Ps 37:38 As for transgressors, they shall be destroyed together; The end of the wicked shall be cut off.
221. Ps 39:5 Behold, thou hast made my days [as] handbreadths; And my life-time is as nothing before thee: Surely every man at his best estate is altogether vanity. Selah
222. Ps 40:14 Let them be put to shame and confounded together That seek after my soul to destroy it: Let them be turned backward and brought to dishonor That delight in my hurt.
223. Ps 41:7 All that hate me whisper together against me; Against me do they devise my hurt.
224. Ps 47:9 The princes of the peoples are gathered together [To be] the people of the God of Abraham: For the shields of the earth belong unto God; He is greatly exalted.
225. Ps 48:4 For, lo, the kings assembled themselves, They passed by together.
226. Ps 49:2 Both low and high, Rich and poor together.
227. Ps 50:5 Gather my saints together unto me, Those that have made a covenant with me by sacrifice.
228. Ps 50:21 These things hast thou done, and I kept silence; Thou thoughtest that I was altogether such a one as thyself: [But] I will reprove thee, and set [them] in order before thine eyes.
229. Ps 53:3 Every one of them is gone back; they are together become filthy; There is none that doeth good, no, not one.
230. Ps 55:14 We took sweet counsel together; We walked in the house of God with the throng.
231. Ps 56:6 They gather themselves together, they hide themselves, They mark my steps, Even as they have waited for my soul.
232. Ps 59:3 For, lo, they lie in wait for my soul; The mighty gather themselves together against me: Not for my transgression, nor for my sin, O Jehovah.
233. Ps 62:9 Surely men of low degree are vanity, and men of high degree are a lie: In the balances they will go up; They are together lighter than vanity.
234. Ps 71:10 For mine enemies speak concerning me; And they that watch for my soul take counsel together,
235. Ps 74:8 They said in their heart, Let us make havoc of them altogether: They have burned up all the synagogues of God in the land.
236. Ps 83:3 Thy take crafty counsel against thy people, And consult together against thy hidden ones.
237. Ps 83:5 For they have consulted together with one consent; Against thee do they make a covenant:
238. Ps 85:10 Mercy and truth are met together; Righteousness and peace have kissed each other.
239. Ps 88:17 They came round about me like water all the day long; They compassed me about together.
240. Ps 94:21 They gather themselves together against the soul of the righteous, And condemn the innocent blood.
241. Ps 98:8 Let the floods clap their hands; Let the hills sing for joy together
242. Ps 102:22 When the peoples are gathered together, And the kingdoms, to serve Jehovah.
243. Ps 122:3 Jerusalem, that art builded As a city that is compact together;
244. Ps 133:1 A Song of Ascents; of David. Behold, how good and how pleasant it is For brethren to dwell together in unity!
245. Ps 139:4 For there is not a word in my tongue, But, lo, O Jehovah, thou knowest it altogether.
246. Ps 140:2 Who devise mischiefs in their heart; Continually do they gather themselves together for war.
247. Ps 147:2 Jehovah doth build up Jerusalem; He gathereth together the outcasts of Israel.
248. Prov 22:2 The rich and the poor meet together: Jehovah is the maker of them all.
249. Prov 22:18 For it is a pleasant thing if thou keep them within thee, If they be established together upon thy lips.
250. Prov 29:13 The poor man and the oppressor meet together; Jehovah lighteneth the eyes of them both.
251. Eccl 3:5 a time to cast away stones, and a time to gather stones together; a time to embrace, and a time to refrain from embracing;
252. Eccl 4:5 The fool foldeth his hands together, and eateth his own flesh.
253. Eccl 4:11 Again, if two lie together, then they have warmth; but how can one be warm [alone]?
254. Song 5:16 His mouth is most sweet; Yea, he is altogether lovely. This is my beloved, and this is my friend, O daughters of Jerusalem.
255. Isa 1:18 Come now, and let us reason together, saith Jehovah: though your sins be as scarlet, they shall be as white as snow; though they be red like crimson, they shall be as wool.
256. Isa 1:28 But the destruction of transgressors and sinners shall be together, and they that forsake Jehovah shall be consumed.
257. Isa 1:31 And the strong shall be as tow, and his work as a spark; and they shall both burn together, and none shall quench them.
258. Isa 8:10 Take counsel together, and it shall be brought to nought; speak the word, and it shall not stand: for God is with us.
259. Isa 9:21 Manasseh, Ephraim; and Ephraim, Manasseh; and they together shall be against Judah. For all this his anger is not turned away, but his hand is stretched out still.
260. Isa 11:6 And the wolf shall dwell with the lamb, and the leopard shall lie down with the kid; and the calf and the young lion and the fatling together; and a little child shall lead them.
261. Isa 11:7 And the cow and the bear shall feed; their young ones shall lie down together; and the lion shall eat straw like the ox.
262. Isa 11:12 And he will set up an ensign for the nations, and will assemble the outcasts of Israel, and gather together the dispersed of Judah from the four corners of the earth.
263. Isa 11:14 And they shall fly down upon the shoulder of the Philistines on the west; together shall they despoil the children of the east: they shall put forth their hand upon Edom and Moab; and the children of Ammon shall obey them.
264. Isa 13:4 The noise of a multitude in the mountains, as of a great people! the noise of a tumult of the kingdoms of the nations gathered together! Jehovah of hosts is mustering the host for the battle.
265. Isa 18:6 They shall be left together unto the ravenous birds of the mountains, and to the beasts of the earth; and the ravenous birds shall summer upon them, and all the beasts of the earth shall winter upon them.
266. Isa 22:3 All thy rulers fled away together, they were bound by the archers; all that were found of thee were bound together; they fled afar off.
267. Isa 22:9 And ye saw the breaches of the city of David, that they were many; and ye gathered together the waters of the lower pool;
268. Isa 24:22 And they shall be gathered together, as prisoners are gathered in the pit, and shall be shut up in the prison; and after many days shall they be visited.
269. Isa 25:11 And he shall spread forth his hands in the midst thereof, as he that swimmeth spreadeth forth [his hands] to swim; but [Jehovah] will lay low his pride together with the craft of his hands.
270. Isa 27:4 Wrath is not in me: would that the briers and thorns were against me in battle! I would march upon them, I would burn them together.
271. Isa 31:3 Now the Egyptians are men, and not God; and their horses flesh, and not spirit: and when Jehovah shall stretch out his hand, both he that helpeth shall stumble, and he that is helped shall fall, and they all shall be consumed together.
272. Isa 34:4 And all the host of heaven shall be dissolved, and the heavens shall be rolled together as a scroll; and all their host shall fade away, as the leaf fadeth from off the vine, and as a fading [leaf] from the fig-tree.
273. Isa 40:5 and the glory of Jehovah shall be revealed, and all flesh shall see it together; for the mouth of Jehovah hath spoken it.
274. Isa 41:1 Keep silence before me, O islands; and let the peoples renew their strength: let them come near; then let them speak; let us come near together to judgment.
275. Isa 41:19 I will put in the wilderness the cedar, the acacia, and the myrtle, and the oil-tree; I will set in the desert the fir-tree, the pine, and the box-tree together:
276. Isa 41:20 that they may see, and know, and consider, and understand together, that the hand of Jehovah hath done this, and the Holy One of Israel hath created it.
277. Isa 41:23 Declare the things that are to come hereafter, that we may know that ye are gods: yea, do good, or do evil, that we may be dismayed, and behold it together.
278. Isa 42:14 I have long time holden my peace; I have been still, and refrained myself: [now] will I cry out like a travailing woman; I will gasp and pant together.
279. Isa 43:9 Let all the nations be gathered together, and let the peoples be assembled: who among them can declare this, and show us former things? let them bring their witnesses, that they may be justified; or let them hear, and say, It is truth.
280. Isa 43:17 who bringeth forth the chariot and horse, the army and the mighty man (they lie down together, they shall not rise; they are extinct, they are quenched as a wick):
281. Isa 43:26 Put me in remembrance; let us plead together: set thou forth [thy cause], that thou mayest be justified.
282. Isa 44:11 Behold, all his fellows shall be put to shame; and the workmen, they are of men: let them all be gathered together, let them stand up; they shall fear, they shall be put to shame together.
283. Isa 45:8 Distil, ye heavens, from above, and let the skies pour down righteousness: let the earth open, that it may bring forth salvation, and let it cause righteousness to spring up together; I, Jehovah, have created it.
284. Isa 45:16 They shall be put to shame, yea, confounded, all of them; they shall go into confusion together that are makers of idols.
285. Isa 45:20 Assemble yourselves and come; draw near together, ye that are escaped of the nations: they have no knowledge that carry the wood of their graven image, and pray unto a god that cannot save.
286. Isa 45:21 Declare ye, and bring [it] forth; yea, let them take counsel together: who hath showed this from ancient time? who hath declared it of old? have not I, Jehovah? and there is no God else besides me, a just God and a Saviour; there is none besides me.
287. Isa 46:2 They stoop, they bow down together; they could not deliver the burden, but themselves are gone into captivity.
288. Isa 48:13 Yea, my hand hath laid the foundation of the earth, and my right hand hath spread out the heavens: when I call unto them, they stand up together.
289. Isa 49:18 Lift up thine eyes round about, and behold: all these gather themselves together, and come to thee. As I live, saith Jehovah, thou shalt surely clothe thee with them all as with an ornament, and gird thyself with them, like a bride.
290. Isa 50:8 He is near that justifieth me; who will content with me? let us stand up together: who is mine adversary? let him come near to me.
291. Isa 52:8 The voice of thy watchmen! they lift up the voice, together do they sing; for they shall see eye to eye, when Jehovah returneth to Zion.
292. Isa 52:9 Break forth into joy, sing together, ye waste places of Jerusalem; for Jehovah hath comforted his people, he hath redeemed Jerusalem.
293. Isa 54:15 Behold, they may gather together, but not by me: whosoever shall gather together against thee shall fall because of thee.
294. Isa 60:4 Lift up thine eyes round about, and see: they all gather themselves together, they come to thee; thy sons shall come from far, and thy daughters shall be carried in the arms.
295. Isa 60:7 All the flocks of Kedar shall be gathered together unto thee, the rams of Nebaioth shall minister unto thee; they shall come up with acceptance on mine altar; and I will glorify the house of my glory.
296. Isa 60:13 The glory of Lebanon shall come unto thee, the fir-tree, the pine, and the box-tree together, to beautify the place of my sanctuary; and I will make the place of my feet glorious.
297. Isa 65:7 your own iniquities, and the iniquities of your fathers together, saith Jehovah, that have burned incense upon the mountains, and blasphemed me upon the hills; therefore will I first measure their work into their bosom.
298. Isa 65:25 The wolf and the lamb shall feed together, and the lion shall eat straw like the ox; and dust shall be the serpent's food. They shall not hurt nor destroy in all my holy mountain, saith Jehovah.
299. Isa 66:17 They that sanctify themselves and purify themselves [to go] unto the gardens, behind one in the midst, eating swine's flesh, and the abomination, and the mouse, they shall come to an end together, saith Jehovah.
300. Jer 3:18 In those days the house of Judah shall walk with the house of Israel, and they shall come together out of the land of the north to the land that I gave for an inheritance unto your fathers.
301. Jer 6:11 Therefore I am full of the wrath of Jehovah; I am weary with holding in: pour it out upon the children in the street, and upon the assembly of young men together; for even the husband with the wife shall be taken, the aged with him that is full of days.
302. Jer 6:12 And their houses shall be turned unto others, their fields and their wives together; for I will stretch out my hand upon the inhabitants of the land, saith Jehovah.
303. Jer 6:21 Therefore thus saith Jehovah, Behold, I will lay stumbling-blocks before this people; and the fathers and the sons together shall stumble against them; the neighbor and his friend shall perish.
304. Jer 10:8 But they are together brutish and foolish: the instruction of idols! it is but a stock.
305. Jer 13:14 And I will dash them one against another, even the fathers and the sons together, saith Jehovah: I will not pity, nor spare, nor have compassion, that I should not destroy them.
306. Jer 31:8 Behold, I will bring them from the north country, and gather them from the uttermost parts of the earth, [and] with them the blind and the lame, the woman with child and her that travaileth with child together: a great company shall they return hither.
307. Jer 31:13 Then shall the virgin rejoice in the dance, and the young men and the old together; for I will turn their mourning into joy, and will comfort them, and make them rejoice from their sorrow.
308. Jer 31:24 And Judah and all the cities thereof shall dwell therein together, the husbandmen, and they that go about with flocks.
309. Jer 41:1 Now it came to pass in the seventh month, that Ishmael the son of Nethaniah, the son of Elishama, of the seed royal and [one of] the chief officers of the king, and ten men with him, came unto Gedaliah the son of Ahikam to Mizpah; and there they did eat bread together in Mizpah.
310. Jer 46:12 The nations have heard of thy shame, and the earth is full of thy cry; for the mighty man hath stumbled against the mighty, they are fallen both of them together.
311. Jer 46:21 Also her hired men in the midst of her are like calves of the stall; for they also are turned back, they are fled away together, they did not stand: for the day of their calamity is come upon them, the time of their visitation.
312. Jer 48:7 For, because thou hast trusted in thy works and in thy treasures, thou also shalt be taken: and Chemosh shall go forth into captivity, his priests and his princes together.
313. Jer 49:3 Wail, O Heshbon, for Ai is laid waste; cry, ye daughters of Rabbah, gird you with sackcloth: lament, and run to and fro among the fences; for Malcam shall go into captivity, his priests and his princes together.
314. Jer 49:5 Behold, I will bring a fear upon thee, saith the Lord, Jehovah of hosts, from all that are round about thee; and ye shall be driven out every man right forth, and there shall be none to gather together the fugitives.
315. Jer 49:12 For thus saith Jehovah: Behold, they to whom it pertained not to drink of the cup shall assuredly drink; and art thou he that shall altogether go unpunished? thou shalt not go unpunished, but thou shalt surely drink.
316. Jer 49:14 I have heard tidings from Jehovah, and an ambassador is sent among the nations, [saying], Gather yourselves together, and come against her, and rise up to the battle.
317. Jer 50:4 In those days, and in that time, saith Jehovah, the children of Israel shall come, they and the children of Judah together; they shall go on their way weeping, and shall seek Jehovah their God.
318. Jer 50:29 Call together the archers against Babylon, all them that bend the bow; encamp against her round about; let none thereof escape: recompense her according to her work; according to all that she hath done, do unto her; for she hath been proud against Jehovah, against the Holy One of Israel.
319. Jer 50:33 Thus saith Jehovah of hosts: The children of Israel and the children of Judah are oppressed together; and all that took them captive hold them fast; they refuse to let them go.
320. Jer 51:27 Set ye up a standard in the land, blow the trumpet among the nations, prepare the nations against her, call together against her the kingdoms of Ararat, Minni, and Ashkenaz: appoint a marshal against her; cause the horses to come up as the rough canker-worm.
321. Jer 51:38 They shall roar together like young lions; they shall growl as lions' whelps.
322. Lam 1:14 The yoke of my transgressions is bound by his hand; They are knit together, they are come up upon my neck; he hath made my strength to fail: The Lord hath delivered me into their hands, against whom I am not able to stand.
323. Lam 2:8 Jehovah hath purposed to destroy the wall of the daughter of Zion; He hath stretched out the line, he hath not withdrawn his hand from destroying; And he hath made the rampart and wall to lament; they languish together.
324. Ezek 21:14 Thou therefore, son of man, prophesy, and smite thy hands together; and let the sword be doubled the third time, the sword of the deadly wounded: it is the sword of the great one that is deadly wounded, which entereth into their chambers.
325. Ezek 21:16 Gather thee together, go to the right, set thyself in array, go to the left, whithersoever thy face is set.
326. Ezek 21:17 I will also smite my hands together, and I will cause my wrath to rest: I, Jehovah, have spoken it.
327. Ezek 29:5 And I will cast thee forth into the wilderness, thee and all the fish of thy rivers: thou shalt fall upon the open field; thou shalt not be brought together, nor gathered; I have given thee for food to the beasts of the earth and to the birds of the heavens.
328. Ezek 37:7 So I prophesied as I was commanded: and as I prophesied, there was a noise, and, behold, an earthquake; and the bones came together, bone to its bone.
329. Ezek 46:10 And the prince, when they go in, shall go in in the midst of them; and when they go forth, they shall go forth [together].
330. Dan 2:35 Then was the iron, the clay, the brass, the silver, and the gold, broken in pieces together, and became like the chaff of the summer threshing-floors; and the wind carried them away, so that no place was found for them: and the stone that smote the image became a great mountain, and filled the whole earth.
331. Dan 3:2 Then Nebuchadnezzar the king sent to gather together the satraps, the deputies, and the governors, the judges, the treasurers, the counsellors, the sheriffs, and all the rulers of the provinces, to come to the dedication of the image which Nebuchadnezzar the king had set up.
332. Dan 3:3 Then the satraps, the deputies, and the governors, the judges, the treasurers, the counsellors, the sheriffs, and all the rulers of the provinces, were gathered together unto the dedication of the image that Nebuchadnezzar the king had set up; and they stood before the image that Nebuchadnezzar had set up.
333. Dan 3:27 And the satraps, the deputies, and the governors, and the king's counsellors, being gathered together, saw these men, that the fire had no power upon their bodies, nor was the hair of their head singed, neither were their hosen changed, nor had the smell of fire passed on them.
334. Dan 6:6 Then these presidents and satraps assembled together to the king, and said thus unto him, King Darius, live for ever.
335. Dan 6:7 All the presidents of the kingdom, the deputies and the satraps, the counsellors and the governors, have consulted together to establish a royal statute, and to make a strong interdict, that whosoever shall ask a petition of any god or man for thirty days, save of thee, O king, he shall be cast into the den of lions.
336. Dan 6:11 Then these men assembled together, and found Daniel making petition and supplication before his God.
337. Dan 6:15 Then these men assembled together unto the king, and said unto the king, Know, O king, that it is a law of the Medes and Persians, that no interdict nor statute which the king establisheth may be changed.
338. Dan 8:12 And the host was given over [to it] together with the continual [burnt-offering] through transgression; and it cast down truth to the ground, and it did [its pleasure] and prospered.
339. Dan 11:6 And at the end of years they shall join themselves together; and the daughter of the king of the south shall come to the king of the north to make an agreement: but she shall not retain the strength of her arm; neither shall he stand, nor his arm; but she shall be given up, and they that brought her, and he that begat her, and he that strengthened her in those times.
340. Hos 1:11 And the children of Judah and the children of Israel shall be gathered together, and they shall appoint themselves one head, and shall go up from the land; for great shall be the day of Jezreel.
341. Hos 11:8 How shall I give thee up, Ephraim? [how] shall I cast thee off, Israel? how shall I make thee as Admah? [how] shall I set thee as Zeboiim? my heart is turned within me, my compassions are kindled together.
342. Hos 12:11 Is Gilead iniquity? they are altogether false; in Gilgal they sacrifice bullocks; yea, their altars are as heaps in the furrows of the field.
343. Joel 3:11 Haste ye, and come, all ye nations round about, and gather yourselves together: thither cause thy mighty ones to come down, O Jehovah.
344. Amos 1:15 and their king shall go into captivity, he and his princes together, saith Jehovah.
345. Amos 3:3 Shall two walk together, except they have agreed?
346. Mic 2:12 I will surely assemble, O Jacob, all of thee; I will surely gather the remnant of Israel; I will put them together as the sheep of Bozrah, as a flock in the midst of their pasture; they shall make great noise by reason of [the multitude of] men.
347. Mic 7:3 Their hands are upon that which is evil to do it diligently; the prince asketh, and the judge [is ready] for a reward; and the great man, he uttereth the evil desire of his soul: thus they weave it together.
348. Nah 2:10 She is empty, and void, and waste; and the heart melteth, and the knees smite together, and anguish is in all loins, and the faces of them all are waxed pale.
349. Zeph 2:1 Gather yourselves together, yea, gather together, O nation that hath no shame;
350. Zech 10:4 From him shall come forth the corner-stone, from him the nail, from him the battle bow, from him every ruler together.
351. Zech 12:3 And it shall come to pass in that day, that I will make Jerusalem a burdensome stone for all the peoples; all that burden themselves with it shall be sore wounded; and all the nations of the earth shall be gathered together against it.
352. Zech 14:14 And Judah also shall fight at Jerusalem; and the wealth of all the nations round about shall be gathered together, gold, and silver, and apparel, in great abundance.
353. Matt 1:18 Now the birth of Jesus Christ was on this wise: When his mother Mary had been betrothed to Joseph, before they came together she was found with child of the Holy Spirit.
354. Matt 2:4 And gathering together all the chief priests and scribes of the people, he inquired of them where the Christ should be born.
355. Matt 13:30 Let both grow together until the harvest: and in the time of the harvest I will say to the reapers, Gather up first the tares, and bind them in bundles to burn them; but gather the wheat into my barn.
356. Matt 18:20 For where two or three are gathered together in my name, there am I in the midst of them.
357. Matt 19:6 So that they are no more two, but one flesh. What therefore God hath joined together, let not man put asunder.
358. Matt 22:10 And those servants went out into the highways, and gathered together all as many as they found, both bad and good: and the wedding was filled with guests.
359. Matt 22:34 But the Pharisees, when they heard that he had put the Sadducees to silence, gathered themselves together.
360. Matt 22:41 Now while the Pharisees were gathered together, Jesus asked them a question,
361. Matt 23:37 O Jerusalem, Jerusalem, that killeth the prophets, and stoneth them that are sent unto her! how often would I have gathered thy children together, even as a hen gathereth her chickens under her wings, and ye would not!
362. Matt 24:28 Wheresoever the carcase is, there will the eagles be gathered together.
363. Matt 24:31 And he shall send forth his angels with a great sound of a trumpet, and they shall gather together his elect from the four winds, from one end of heaven to the other.
364. Matt 26:3 Then were gathered together the chief priests, and the elders of the people, unto the court of the high priest, who was called Caiaphas;
365. Matt 26:4 and they took counsel together that they might take Jesus by subtlety, and kill him.
366. Matt 26:57 And they that had taken Jesus led him away to [the house of] Caiaphas the high priest, where the scribes and the elders were gathered together.
367. Matt 27:17 When therefore they were gathered together, Pilate said unto them, Whom will ye that I release unto you? Barabbas, or Jesus who is called Christ?
368. Matt 27:62 Now on the morrow, which is [the day] after the Preparation, the chief priests and the Pharisees were gathered together unto Pilate,
369. Mark 1:33 And all the city was gathered together at the door.
370. Mark 2:2 And many were gathered together, so that there was no longer room [for them], no, not even about the door: and he spake the word unto them.
371. Mark 3:20 And the multitude cometh together again, so that they could not so much as eat bread.
372. Mark 6:30 And the apostles gather themselves together unto Jesus; and they told him all things, whatsoever they had done, and whatsoever they had taught.
373. Mark 6:33 And [the people] saw them going, and many knew [them], and they ran together there on foot from all the cities, and outwent them.
374. Mark 7:1 And there are gathered together unto him the Pharisees, and certain of the scribes, who had come from Jerusalem,
375. Mark 9:25 And when Jesus saw that a multitude came running together, he rebuked the unclean spirit, saying unto him, Thou dumb and deaf spirit, I command thee, come out of him, and enter no more into him.
376. Mark 10:1 And he arose from thence and cometh into the borders of Judaea and beyond the Jordan: and multitudes come together unto him again; and, as he was wont, he taught them again.
377. Mark 10:9 What therefore God hath joined together, let not man put asunder.
378. Mark 12:28 And one of the scribes came, and heard them questioning together, and knowing that he had answered them well, asked him, What commandment is the first of all?
379. Mark 13:27 And then shall he send forth the angels, and shall gather together his elect from the four winds, from the uttermost part of the earth to the uttermost part of heaven.
380. Mark 14:53 And they led Jesus away to the high priest: and there come together with him all the chief priests and the elders and the scribes.
381. Mark 14:56 For many bare false witness against him, and their witness agreed not together.
382. Mark 14:59 And not even so did their witness agree together.
383. Mark 15:16 And the soldiers led him away within the court, which is the Praetorium; and they call together the whole band.
384. Luke 4:36 And amazement came upon all, and they spake together, one with another, saying, What is this word? for with authority and power he commandeth the unclean spirits, and they come out.
385. Luke 5:15 But so much the more went abroad the report concerning him: and great multitudes came together to hear, and to be healed of their infirmities.
386. Luke 6:38 give, and it shall be given unto you; good measure, pressed down, shaken together, running over, shall they give into your bosom. For with what measure ye mete it shall be measured to you again.
387. Luke 8:4 And when a great multitude came together, and they of every city resorted unto him, he spake by a parable:
388. Luke 9:1 And he called the twelve together, and gave them power and authority over all demons, and to cure diseases.
389. Luke 11:29 And when the multitudes were gathering together unto him, he began to say, This generation is an evil generation: it seeketh after a sign; and there shall no sign be given to it but the sign of Jonah.
390. Luke 12:1 In the mean time, when the many thousands of the multitude were gathered together, insomuch that they trod one upon another, he began to say unto his disciples first of all, Beware ye of the leaven of the Pharisees, which is hypocrisy.
391. Luke 13:11 And behold, a woman that had a spirit of infirmity eighteen years; and she was bowed together, and could in no wise lift herself up.
392. Luke 13:34 O Jerusalem, Jerusalem, that killeth the prophets, and stoneth them that are sent unto her! how often would I have gathered thy children together, even as a hen [gathereth] her own brood under her wings, and ye would not!
393. Luke 15:6 And when he cometh home, he calleth together his friends and his neighbors, saying unto them, Rejoice with me, for I have found my sheep which was lost.
394. Luke 15:9 And when she hath found it, she calleth together her friends and neighbors, saying, Rejoice with me, for I have found the piece which I had lost.
395. Luke 15:13 And not many days after, the younger son gathered all together and took his journey into a far country; and there he wasted his substance with riotous living.
396. Luke 17:35 There shall be two women grinding together; the one shall be taken, and the other shall be left.
397. Luke 17:37 And they answering say unto him, Where, Lord? And he said unto them, Where the body [is], thither will the eagles also be gathered together.
398. Luke 22:55 And when they had kindled a fire in the midst of the court, and had sat down together, Peter sat in the midst of them.
399. Luke 22:66 And as soon as it was day, the assembly of the elders of the people was gathered together, both chief priests and scribes; and they led him away into their council, saying,
400. Luke 23:13 And Pilate called together the chief priests and the rulers and the people,
401. Luke 23:18 But they cried out all together, saying, Away with this man, and release unto us Barabbas: --
402. Luke 23:48 And all the multitudes that came together to this sight, when they beheld the things that were done, returned smiting their breasts.
403. Luke 24:15 And it came to pass, while they communed and questioned together, that Jesus himself drew near, and went with them.
404. Luke 24:33 And they rose up that very hour, and returned to Jerusalem, and found the eleven gathered together, and them that were with them,
405. John 4:36 He that reapeth receiveth wages, and gathereth fruit unto life eternal; that he that soweth and he that reapeth may rejoice together.
406. John 9:34 They answered and said unto him, Thou wast altogether born in sins, and dost thou teach us? And they cast him out.
407. John 11:52 and not for the nation only, but that he might also gather together into one the children of God that are scattered abroad.
408. John 18:20 Jesus answered him, I have spoken openly to the world; I ever taught in synagogues, and in the temple, where all the Jews come together; and in secret spake I nothing.
409. John 20:4 And they ran both together: and the other disciple outran Peter, and came first to the tomb;
410. John 21:2 There was together Simon Peter, and Thomas called Didymus, and Nathanael of Cana in Galilee, and the [sons] of Zebedee, and two other of his disciples.
411. Acts 1:4 and, being assembled together with them, he charged them not to depart from Jerusalem, but to wait for the promise of the Father, which, [said he], ye heard from me:
412. Acts 1:6 They therefore, when they were come together, asked him, saying, Lord, dost thou at this time restore the kingdom to Israel?
413. Acts 1:15 And in these days Peter stood up in the midst of the brethren, and said (and there was a multitude of persons [gathered] together, about a hundred and twenty),
414. Acts 2:1 And when the day of Pentecost was now come, they were all together in one place.
415. Acts 2:6 And when this sound was heard, the multitude came together, and were confounded, because that every man heard them speaking in his own language.
416. Acts 2:44 And all that believed were together, and had all things common;
417. Acts 3:11 And as he held Peter and John, all the people ran together unto them in the porch that is called Solomon's, greatly wondering.
418. Acts 4:5 And it came to pass on the morrow, that their rulers and elders and scribes were gathered together in Jerusalem;
419. Acts 4:26 The kings of the earth set themselves in array, And the rulers were gathered together, Against the Lord, and against his Anointed:
420. Acts 4:27 for of a truth in this city against thy holy Servant Jesus, whom thou didst anoint, both Herod and Pontius Pilate, with the Gentiles and the peoples of Israel, were gathered together,
421. Acts 4:31 And when they had prayed, the place was shaken wherein they were gathered together; and they were all filled with the Holy Spirit, and they spake the word of God with boldness.
422. Acts 5:9 But Peter [said] unto her, How is it that ye have agreed together to try the Spirit of the Lord? behold, the feet of them that have buried thy husband are at the door, and they shall carry thee out.
423. Acts 5:16 And there also came together the multitudes from the cities round about Jerusalem, bring sick folk, and them that were vexed with unclean spirits: and they were healed every one.
424. Acts 5:21 And when they heard [this], they entered into the temple about daybreak, and taught. But the high priest came, and they that were with him, and called the council together, and all the senate of the children of Israel, and sent to the prison-house to have them brought.
425. Acts 9:23 And when many days were fulfilled, the Jews took counsel together to kill him:
426. Acts 10:24 And on the morrow they entered into Caesarea. And Cornelius was waiting for them, having called together his kinsmen and his near friends.
427. Acts 10:27 And as he talked with him, he went in, and findeth many come together:
428. Acts 11:26 and when he had found him, he brought him unto Antioch. And it came to pass, that even for a whole year they were gathered together with the church, and taught much people, and that the disciples were called Christians first in Antioch.
429. Acts 12:12 And when he had considered [the thing], he came to the house of Mary the mother of John whose surname was Mark; where many were gathered together and were praying.
430. Acts 13:44 And the next sabbath almost the whole city was gathered together to hear the word of God.
431. Acts 14:1 And it came to pass in Iconium that they entered together into the synagogue of the Jews, and so spake that a great multitude both of Jews and of Greeks believed.
432. Acts 14:27 And when they were come, and had gathered the church together, they rehearsed all things that God had done with them, and that he had opened a door of faith unto the Gentiles.
433. Acts 15:6 And the apostles and the elders were gathered together to consider of this matter.
434. Acts 15:30 So they, when they were dismissed, came down to Antioch; and having gathered the multitude together, they delivered the epistle.
435. Acts 16:13 And on the sabbath day we went forth without the gate by a river side, where we supposed there was a place of prayer; and we sat down, and spake unto the women that were come together.
436. Acts 16:22 And the multitude rose up together against them: and the magistrates rent their garments off them, and commanded to beat them with rods.
437. Acts 19:19 And not a few of them that practised magical arts brought their books together and burned them in the sight of all; and they counted the price of them, and found it fifty thousand pieces of silver.
438. Acts 19:25 whom he gathered together, with the workmen of like occupation, and said, Sirs, ye know that by this business we have our wealth.
439. Acts 19:32 Some therefore cried one thing, and some another: for the assembly was in confusion; and the more part knew not wherefore they were come together.
440. Acts 20:7 And upon the first day of the week, when we were gathered together to break bread, Paul discoursed with them, intending to depart on the morrow; and prolonged his speech until midnight.
441. Acts 20:8 And there were many lights in the upper chamber where we were gathered together.
442. Acts 21:30 And all the city was moved, and the people ran together; and they laid hold on Paul, and dragged him out of the temple: and straightway the doors were shut.
443. Acts 22:30 But on the morrow, desiring to know the certainty wherefore he was accused of the Jews, he loosed him, and commanded the chief priests and all the council to come together, and brought Paul down and set him before them.
444. Acts 23:12 And when it was day, the Jews banded together, and bound themselves under a curse, saying that they would neither eat nor drink till they had killed Paul.
445. Acts 25:17 When therefore they were come together here, I made no delay, but on the next day sat on the judgment-seat, and commanded the man to be brought.
446. Acts 28:17 And it came to pass, that after three days he called together those that were the chief of the Jews: and when they were come together, he said unto them, I, brethren, though I had done nothing against the people, or the customs of our fathers, yet was delivered prisoner from Jerusalem into the hands of the Romans:
447. Rom 3:12 They have all turned aside, they are together become unprofitable; There is none that doeth good, no, not, so much as one:
448. Rom 8:22 For we know that the whole creation groaneth and travaileth in pain together until now.
449. Rom 8:28 And we know that to them that love God all things work together for good, [even] to them that are called according to [his] purpose.
450. Rom 15:30 Now I beseech you, brethren, by our Lord Jesus Christ, and by the love of the Spirit, that ye strive together with me in your prayers to God for me;
451. Rom 15:32 that I may come unto you in joy through the will of God, and together with you find rest.
452. 1Cor 1:10 Now I beseech you, brethren, through the name of our Lord Jesus Christ, that ye all speak the same thing and [that] there be no divisions among you; but [that] ye be perfected together in the same mind and in the same judgment.
453. 1Cor 5:4 in the name of our Lord Jesus, ye being gathered together, and my spirit, with the power of our Lord Jesus,
454. 1Cor 6:7 Nay, already it is altogether a defect in you, that ye have lawsuits one with another. Why not rather take wrong? why not rather be defrauded?
455. 1Cor 7:5 Defraud ye not one the other, except it be by consent for a season, that ye may give yourselves unto prayer, and may be together again, that Satan tempt you not because of your incontinency.
456. 1Cor 11:17 But in giving you this charge, I praise you not, that ye come together not for the better but for the worse.
457. 1Cor 11:18 For first of all, when ye come together in the church, I hear that divisions exist among you; and I partly believe it.
458. 1Cor 11:20 When therefore ye assemble yourselves together, it is not possible to eat the Lord's supper:
459. 1Cor 11:33 Wherefore, my brethren, when ye come together to eat, wait one for another.
460. 1Cor 11:34 If any man is hungry, let him eat at home; that your coming together be not unto judgment. And the rest will I set in order whensoever I come.
461. 1Cor 12:24 whereas our comely [parts] have no need: but God tempered the body together, giving more abundant honor to that [part] which lacked;
462. 1Cor 14:23 If therefore the whole church be assembled together and all speak with tongues, and there come in men unlearned or unbelieving, will they not say that ye are mad?
463. 1Cor 14:26 What is it then, brethren? When ye come together, each one hath a psalm, hath a teaching, hath a revelation, hath a tongue, hath an interpretation. Let all things be done unto edifying.
464. 2Cor 1:11 ye also helping together on our behalf by your supplication; that, for the gift bestowed upon us by means of many, thanks may be given by many persons on our behalf.
465. 2Cor 6:1 And working together [with him] we entreat also that ye receive not the grace of God in vain
466. 2Cor 7:3 I say it not to condemn [you]: for I have said before, that ye are in our hearts to die together and live together.
467. 2Cor 8:18 And we have sent together with him the brother whose praise in the gospel [is spread] through all the churches;
468. Eph 2:5 even when we were dead through our trespasses, made us alive together with Christ (by grace have ye been saved),
469. Eph 2:21 in whom each several building, fitly framed together, groweth into a holy temple in the Lord;
470. Eph 2:22 in whom ye also are builded together for a habitation of God in the Spirit.
471. Eph 4:16 from whom all the body fitly framed and knit together through that which every joint supplieth, according to the working in [due] measure of each several part, maketh the increase of the body unto the building up of itself in love.
472. Phil 3:17 Brethren, be ye imitators together of me, and mark them that so walk even as ye have us for an ensample.
473. Col 2:2 that their hearts may be comforted, they being knit together in love, and unto all riches of the full assurance of understanding, that they may know the mystery of God, [even] Christ,
474. Col 2:13 And you, being dead through your trespasses and the uncircumcision of your flesh, you, [I say], did he make alive together with him, having forgiven us all our trespasses;
475. Col 2:19 and not holding fast the Head, from whom all the body, being supplied and knit together through the joints and bands, increasing with the increase of God.
476. Col 3:1 If then ye were raised together with Christ, seek the things that are above, where Christ is, seated on the right hand of God.
477. Col 4:9 together with Onesimus, the faithful and beloved brother, who is one of you. They shall make known unto you all things that [are done] here.
478. 1Thess 4:17 then we that are alive, that are left, shall together with them be caught up in the clouds, to meet the Lord in the air: and so shall we ever be with the Lord.
479. 1Thess 5:10 who died for us, that, whether we wake or sleep, we should live together with him.
480. 2Thess 2:1 Now we beseech you, brethren, touching the coming of our Lord Jesus Christ, and our gathering together unto him;
481. Heb 10:25 not forsaking our own assembling together, as the custom of some is, but exhorting [one another]; and so much the more, as ye see the day drawing nigh.
482. 1Pet 5:13 She that is in Babylon, elect together with [you], saluteth you; and [so doth] Mark my son.
483. Rev 16:14 for they are spirits of demons, working signs; which go forth unto the kings of the whole world, to gather them together unto the war of the great day of God, the Almighty.
484. Rev 16:16 And they gathered them together into the place which is called in Hebrew Har-magedon.
485. Rev 19:17 And I saw an angel standing in the sun; and he cried with a loud voice, saying to all the birds that fly in mid heaven, Come [and] be gathered together unto the great supper of God;
486. Rev 19:19 And I saw the beast, and the kings of the earth, and their armies, gathered together to make war against him that sat upon the horse, and against his army.
487. Rev 20:8 and shall come forth to deceive the nations which are in the four corners of the earth, Gog and Magog, to gather them together to the war: the number of whom is as the sand of the sea.
